0 info it worked if it ends with ok
1 verbose cli [ '/usr/local/bin/node',
1 verbose cli   '/usr/local/bin/npm',
1 verbose cli   'install',
1 verbose cli   '-g',
1 verbose cli   'bower' ]
2 info using npm@2.14.7
3 info using node@v4.2.1
4 verbose install initial load of /usr/local/lib/package.json
5 verbose readDependencies loading dependencies from /usr/local/lib/package.json
6 silly cache add args [ 'bower', null ]
7 verbose cache add spec bower
8 silly cache add parsed spec Result {
8 silly cache add   raw: 'bower',
8 silly cache add   scope: null,
8 silly cache add   name: 'bower',
8 silly cache add   rawSpec: '',
8 silly cache add   spec: '*',
8 silly cache add   type: 'range' }
9 silly addNamed bower@*
10 verbose addNamed "*" is a valid semver range for bower
11 silly addNameRange { name: 'bower', range: '*', hasData: false }
12 silly mapToRegistry name bower
13 silly mapToRegistry using default registry
14 silly mapToRegistry registry https://registry.npmjs.org/
15 silly mapToRegistry uri https://registry.npmjs.org/bower
16 verbose addNameRange registry:https://registry.npmjs.org/bower not in flight; fetching
17 verbose request uri https://registry.npmjs.org/bower
18 verbose request no auth needed
19 info attempt registry request try #1 at 12:08:28 PM
20 verbose request id b790a2ce7463df48
21 http request GET https://registry.npmjs.org/bower
22 http 200 https://registry.npmjs.org/bower
23 verbose headers { server: 'nginx/1.10.1',
23 verbose headers   'content-type': 'application/json',
23 verbose headers   'last-modified': 'Tue, 04 Jul 2017 13:27:03 GMT',
23 verbose headers   etag: 'W/"595b97a7-31f95"',
23 verbose headers   'content-encoding': 'gzip',
23 verbose headers   'cache-control': 'max-age=300',
23 verbose headers   'content-length': '17306',
23 verbose headers   'accept-ranges': 'bytes',
23 verbose headers   date: 'Wed, 05 Jul 2017 16:08:28 GMT',
23 verbose headers   via: '1.1 varnish',
23 verbose headers   age: '251',
23 verbose headers   connection: 'keep-alive',
23 verbose headers   'x-served-by': 'cache-jfk8137-JFK',
23 verbose headers   'x-cache': 'HIT',
23 verbose headers   'x-cache-hits': '6',
23 verbose headers   'x-timer': 'S1499270909.694849,VS0,VE0',
23 verbose headers   vary: 'Accept-Encoding' }
24 silly get cb [ 200,
24 silly get   { server: 'nginx/1.10.1',
24 silly get     'content-type': 'application/json',
24 silly get     'last-modified': 'Tue, 04 Jul 2017 13:27:03 GMT',
24 silly get     etag: 'W/"595b97a7-31f95"',
24 silly get     'content-encoding': 'gzip',
24 silly get     'cache-control': 'max-age=300',
24 silly get     'content-length': '17306',
24 silly get     'accept-ranges': 'bytes',
24 silly get     date: 'Wed, 05 Jul 2017 16:08:28 GMT',
24 silly get     via: '1.1 varnish',
24 silly get     age: '251',
24 silly get     connection: 'keep-alive',
24 silly get     'x-served-by': 'cache-jfk8137-JFK',
24 silly get     'x-cache': 'HIT',
24 silly get     'x-cache-hits': '6',
24 silly get     'x-timer': 'S1499270909.694849,VS0,VE0',
24 silly get     vary: 'Accept-Encoding' } ]
25 verbose get saving bower to /Users/Shelby/.npm/registry.npmjs.org/bower/.cache.json
26 verbose makeDirectory /Users/Shelby/.npm creation not in flight; initializing
27 silly makeDirectory /Users/Shelby/.npm uid: 501 gid: 20
28 silly addNameRange number 2 { name: 'bower', range: '*', hasData: true }
29 silly addNameRange versions [ 'bower',
29 silly addNameRange   [ '0.1.0',
29 silly addNameRange     '0.1.2',
29 silly addNameRange     '0.1.3',
29 silly addNameRange     '0.2.0',
29 silly addNameRange     '0.3.0',
29 silly addNameRange     '0.3.1',
29 silly addNameRange     '0.3.2',
29 silly addNameRange     '0.4.0',
29 silly addNameRange     '0.5.0',
29 silly addNameRange     '0.5.1',
29 silly addNameRange     '0.6.0',
29 silly addNameRange     '0.6.1',
29 silly addNameRange     '0.6.2',
29 silly addNameRange     '0.6.3',
29 silly addNameRange     '0.6.4',
29 silly addNameRange     '0.6.5',
29 silly addNameRange     '0.6.6',
29 silly addNameRange     '0.6.7',
29 silly addNameRange     '0.6.8',
29 silly addNameRange     '0.7.0',
29 silly addNameRange     '0.7.1',
29 silly addNameRange     '0.8.0',
29 silly addNameRange     '0.8.1',
29 silly addNameRange     '0.8.2',
29 silly addNameRange     '0.8.3',
29 silly addNameRange     '0.8.4',
29 silly addNameRange     '0.8.5',
29 silly addNameRange     '0.8.6',
29 silly addNameRange     '0.9.0',
29 silly addNameRange     '0.9.1',
29 silly addNameRange     '0.9.2',
29 silly addNameRange     '0.10.0',
29 silly addNameRange     '1.0.0',
29 silly addNameRange     '1.0.1',
29 silly addNameRange     '1.0.2',
29 silly addNameRange     '1.0.3',
29 silly addNameRange     '1.1.0',
29 silly addNameRange     '1.1.1',
29 silly addNameRange     '1.1.2',
29 silly addNameRange     '1.2.0',
29 silly addNameRange     '1.2.1',
29 silly addNameRange     '1.2.2',
29 silly addNameRange     '1.2.3',
29 silly addNameRange     '1.2.4',
29 silly addNameRange     '1.2.5',
29 silly addNameRange     '1.2.6',
29 silly addNameRange     '1.2.7',
29 silly addNameRange     '1.2.8',
29 silly addNameRange     '1.3.0',
29 silly addNameRange     '1.3.1',
29 silly addNameRange     '1.3.2',
29 silly addNameRange     '1.3.3',
29 silly addNameRange     '1.3.4',
29 silly addNameRange     '1.3.5',
29 silly addNameRange     '1.3.6',
29 silly addNameRange     '1.3.7',
29 silly addNameRange     '1.3.8',
29 silly addNameRange     '1.3.9',
29 silly addNameRange     '1.3.10',
29 silly addNameRange     '1.3.11',
29 silly addNameRange     '1.3.12',
29 silly addNameRange     '1.4.0',
29 silly addNameRange     '1.4.1',
29 silly addNameRange     '1.5.0',
29 silly addNameRange     '1.5.1',
29 silly addNameRange     '1.5.2',
29 silly addNameRange     '1.5.3',
29 silly addNameRange     '1.6.2',
29 silly addNameRange     '1.6.3',
29 silly addNameRange     '1.6.4',
29 silly addNameRange     '1.6.5',
29 silly addNameRange     '1.5.4',
29 silly addNameRange     '1.4.2',
29 silly addNameRange     '1.6.6',
29 silly addNameRange     '1.6.7',
29 silly addNameRange     '1.6.8',
29 silly addNameRange     '1.6.9',
29 silly addNameRange     '1.7.0',
29 silly addNameRange     '1.7.1',
29 silly addNameRange     '1.7.2',
29 silly addNameRange     '1.7.5',
29 silly addNameRange     '1.7.6',
29 silly addNameRange     '1.7.7',
29 silly addNameRange     '1.7.8',
29 silly addNameRange     '1.7.9',
29 silly addNameRange     '1.8.0' ] ]
30 silly addNamed bower@1.8.0
31 verbose addNamed "1.8.0" is a plain semver version for bower
32 warn deprecated bower@1.8.0: ..psst! While Bower is maintained, we recommend Yarn and Webpack for *new* front-end projects! Yarn's advantage is security and reliability, and Webpack's is support for both CommonJS and AMD projects. Currently there's no migration path, but please help to create it: https://github.com/bower/bower/issues/2467
33 silly mapToRegistry name bower
34 silly mapToRegistry using default registry
35 silly mapToRegistry registry https://registry.npmjs.org/
36 silly mapToRegistry uri https://registry.npmjs.org/bower
37 verbose addRemoteTarball https://registry.npmjs.org/bower/-/bower-1.8.0.tgz not in flight; adding
38 verbose addRemoteTarball [ 'https://registry.npmjs.org/bower/-/bower-1.8.0.tgz',
38 verbose addRemoteTarball   '55dbebef0ad9155382d9e9d3e497c1372345b44a' ]
39 info retry fetch attempt 1 at 12:08:28 PM
40 info attempt registry request try #1 at 12:08:28 PM
41 http fetch GET https://registry.npmjs.org/bower/-/bower-1.8.0.tgz
42 http fetch 200 https://registry.npmjs.org/bower/-/bower-1.8.0.tgz
43 silly fetchAndShaCheck shasum 55dbebef0ad9155382d9e9d3e497c1372345b44a
44 verbose addTmpTarball /var/folders/39/b7fgv8lj7g50zsfng6zv5gnr0000gn/T/npm-30218-ebc056df/registry.npmjs.org/bower/-/bower-1.8.0.tgz not in flight; adding
45 verbose addTmpTarball already have metadata; skipping unpack for bower@1.8.0
46 silly cache afterAdd bower@1.8.0
47 verbose afterAdd /Users/Shelby/.npm/bower/1.8.0/package/package.json not in flight; writing
48 verbose afterAdd /Users/Shelby/.npm/bower/1.8.0/package/package.json written
49 silly install resolved [ { name: 'bower',
49 silly install resolved     version: '1.8.0',
49 silly install resolved     description: 'The browser package manager',
49 silly install resolved     author: { name: 'Twitter' },
49 silly install resolved     license: 'MIT',
49 silly install resolved     repository: { type: 'git', url: 'git+https://github.com/bower/bower.git' },
49 silly install resolved     main: 'lib',
49 silly install resolved     bin: { bower: 'bin/bower' },
49 silly install resolved     homepage: 'http://bower.io',
49 silly install resolved     engines: { node: '>=0.10.0' },
49 silly install resolved     keywords: [ 'bower' ],
49 silly install resolved     files: [ 'bin', 'lib' ],
49 silly install resolved     bugs: { url: 'https://github.com/bower/bower/issues' },
49 silly install resolved     _id: 'bower@1.8.0',
49 silly install resolved     scripts: {},
49 silly install resolved     _shasum: '55dbebef0ad9155382d9e9d3e497c1372345b44a',
49 silly install resolved     _from: 'bower@*',
49 silly install resolved     _npmVersion: '3.10.9',
49 silly install resolved     _nodeVersion: '4.4.6',
49 silly install resolved     _npmUser: { name: 'sheerun', email: 'sheerun@sher.pl' },
49 silly install resolved     dist:
49 silly install resolved      { shasum: '55dbebef0ad9155382d9e9d3e497c1372345b44a',
49 silly install resolved        tarball: 'https://registry.npmjs.org/bower/-/bower-1.8.0.tgz' },
49 silly install resolved     maintainers:
49 silly install resolved      [ [Object],
49 silly install resolved        [Object],
49 silly install resolved        [Object],
49 silly install resolved        [Object],
49 silly install resolved        [Object],
49 silly install resolved        [Object],
49 silly install resolved        [Object] ],
49 silly install resolved     _npmOperationalInternal:
49 silly install resolved      { host: 'packages-18-east.internal.npmjs.com',
49 silly install resolved        tmp: 'tmp/bower-1.8.0.tgz_1478512918020_0.7136248126626015' },
49 silly install resolved     directories: {},
49 silly install resolved     deprecated: '..psst! While Bower is maintained, we recommend Yarn and Webpack for *new* front-end projects! Yarn\'s advantage is security and reliability, and Webpack\'s is support for both CommonJS and AMD projects. Currently there\'s no migration path, but please help to create it: https://github.com/bower/bower/issues/2467',
49 silly install resolved     _resolved: 'https://registry.npmjs.org/bower/-/bower-1.8.0.tgz' } ]
50 info install bower@1.8.0 into /usr/local/lib
51 info installOne bower@1.8.0
52 verbose installOne of bower to /usr/local/lib not in flight; installing
53 verbose makeDirectory /Users/Shelby/.npm/_locks creation not in flight; initializing
54 silly makeDirectory /Users/Shelby/.npm/_locks uid: 501 gid: 20
55 verbose lock using /Users/Shelby/.npm/_locks/bower-e8debc5417026b57.lock for /usr/local/lib/node_modules/bower
56 silly install write writing bower 1.8.0 to /usr/local/lib/node_modules/bower
57 verbose unbuild lib/node_modules/bower
58 silly gentlyRm /usr/local/lib/node_modules/bower is being purged from base /usr/local
59 verbose gentlyRm don't care about contents; nuking /usr/local/lib/node_modules/bower
60 verbose tar unpack /Users/Shelby/.npm/bower/1.8.0/package.tgz
61 verbose tar unpacking to /usr/local/lib/node_modules/bower
62 silly gentlyRm /usr/local/lib/node_modules/bower is being purged
63 verbose gentlyRm don't care about contents; nuking /usr/local/lib/node_modules/bower
64 silly gunzTarPerm modes [ '755', '644' ]
65 error tar.unpack untar error /Users/Shelby/.npm/bower/1.8.0/package.tgz
66 verbose unlock done using /Users/Shelby/.npm/_locks/bower-e8debc5417026b57.lock for /usr/local/lib/node_modules/bower
67 verbose fstream_path /usr/local/lib/node_modules/bower
68 verbose fstream_type Directory
69 verbose fstream_class DirWriter
70 verbose stack Error: EACCES: permission denied, mkdir '/usr/local/lib/node_modules/bower'
70 verbose stack     at Error (native)
71 verbose fstream_stack /usr/local/lib/node_modules/npm/node_modules/fstream/lib/dir-writer.js:35:25
71 verbose fstream_stack /usr/local/lib/node_modules/npm/node_modules/mkdirp/index.js:47:53
71 verbose fstream_stack FSReqWrap.oncomplete (fs.js:82:15)
72 verbose cwd /Users/Shelby/Documents/PublicLab/plots2
73 error Darwin 14.5.0
74 error argv "/usr/local/bin/node" "/usr/local/bin/npm" "install" "-g" "bower"
75 error node v4.2.1
76 error npm  v2.14.7
77 error path /usr/local/lib/node_modules/bower
78 error code EACCES
79 error errno -13
80 error syscall mkdir
81 error Error: EACCES: permission denied, mkdir '/usr/local/lib/node_modules/bower'
81 error     at Error (native)
81 error  { [Error: EACCES: permission denied, mkdir '/usr/local/lib/node_modules/bower']
81 error   errno: -13,
81 error   code: 'EACCES',
81 error   syscall: 'mkdir',
81 error   path: '/usr/local/lib/node_modules/bower',
81 error   fstream_type: 'Directory',
81 error   fstream_path: '/usr/local/lib/node_modules/bower',
81 error   fstream_class: 'DirWriter',
81 error   fstream_stack:
81 error    [ '/usr/local/lib/node_modules/npm/node_modules/fstream/lib/dir-writer.js:35:25',
81 error      '/usr/local/lib/node_modules/npm/node_modules/mkdirp/index.js:47:53',
81 error      'FSReqWrap.oncomplete (fs.js:82:15)' ] }
82 error Please try running this command again as root/Administrator.
83 verbose exit [ -13, true ]
84 verbose unbuild lib/node_modules/bower
85 silly gentlyRm /usr/local/lib/node_modules/bower is being purged from base /usr/local
86 verbose gentlyRm don't care about contents; nuking /usr/local/lib/node_modules/bower
